android/app/build/intermediates/manifest_merge_blame_file/debug/manifest-merger-blame-debug-report.txt
1<?xml version="1.0" encoding="utf-8"?>
2<manifest xmlns:android="http://schemas.android.com/apk/res/android"
3    package="com.emergencyapp"
4    android:versionCode="1"
5    android:versionName="1.0" >
6
7    <uses-sdk
8        android:minSdkVersion="16"
9        android:targetSdkVersion="28" />
10
11    <uses-permission android:name="android.permission.SYSTEM_ALERT_WINDOW" />
11-->src/debug/AndroidManifest.xml:5:5-77
11-->src/debug/AndroidManifest.xml:5:22-75
12    <uses-permission android:name="android.permission.INTERNET" />
12-->src/main/AndroidManifest.xml:4:5-67
12-->src/main/AndroidManifest.xml:4:22-64
13    <uses-permission android:name="android.permission.ACCESS_COARSE_LOCATION" />
13-->src/main/AndroidManifest.xml:5:5-81
13-->src/main/AndroidManifest.xml:5:22-78
14    <uses-permission android:name="android.permission.ACCESS_FINE_LOCATION" />
14-->src/main/AndroidManifest.xml:6:5-79
14-->src/main/AndroidManifest.xml:6:22-76
15    <uses-permission android:name="android.permission.ACCESS_WIFI_STATE" />
15-->[com.facebook.flipper:flipper:0.33.1] AndroidManifest.xml:16:5-76
15-->[com.facebook.flipper:flipper:0.33.1] AndroidManifest.xml:16:22-73
16
17    <application
17-->src/main/AndroidManifest.xml:8:5-30:19
18        android:name="com.emergencyapp.MainApplication"
18-->src/main/AndroidManifest.xml:9:7-38
19        android:allowBackup="false"
19-->src/main/AndroidManifest.xml:13:7-34
20        android:appComponentFactory="androidx.core.app.CoreComponentFactory"
20-->[androidx.core:core:1.1.0] AndroidManifest.xml:24:18-86
21        android:debuggable="true"
22        android:icon="@mipmap/ic_launcher"
22-->src/main/AndroidManifest.xml:11:7-41
23        android:label="@string/app_name"
23-->src/main/AndroidManifest.xml:10:7-39
24        android:roundIcon="@mipmap/ic_launcher_round"
24-->src/main/AndroidManifest.xml:12:7-52
25        android:theme="@style/AppTheme"
25-->src/main/AndroidManifest.xml:15:7-38
26        android:usesCleartextTraffic="true" >
26-->src/main/AndroidManifest.xml:14:7-42
27        <activity
27-->src/main/AndroidManifest.xml:16:7-27:18
28            android:name="com.emergencyapp.MainActivity"
28-->src/main/AndroidManifest.xml:17:9-37
29            android:configChanges="keyboard|keyboardHidden|orientation|screenSize|uiMode"
29-->src/main/AndroidManifest.xml:19:9-86
30            android:label="@string/app_name"
30-->src/main/AndroidManifest.xml:18:9-41
31            android:launchMode="singleTask"
31-->src/main/AndroidManifest.xml:20:9-40
32            android:screenOrientation="portrait"
32-->src/main/AndroidManifest.xml:21:9-45
33            android:windowSoftInputMode="adjustResize" >
33-->src/main/AndroidManifest.xml:22:9-51
34            <intent-filter>
34-->src/main/AndroidManifest.xml:23:9-26:25
35                <action android:name="android.intent.action.MAIN" />
35-->src/main/AndroidManifest.xml:24:13-65
35-->src/main/AndroidManifest.xml:24:21-62
36
37                <category android:name="android.intent.category.LAUNCHER" />
37-->src/main/AndroidManifest.xml:25:13-73
37-->src/main/AndroidManifest.xml:25:23-70
38            </intent-filter>
39        </activity>
40        <activity android:name="com.facebook.react.devsupport.DevSettingsActivity" />
40-->src/main/AndroidManifest.xml:28:7-84
40-->src/main/AndroidManifest.xml:28:17-81
41
42        <uses-library
42-->src/main/AndroidManifest.xml:29:7-85
43            android:name="org.apache.http.legacy"
43-->src/main/AndroidManifest.xml:29:21-58
44            android:required="false" />
44-->src/main/AndroidManifest.xml:29:59-83
45
46        <activity
46-->[com.google.android.gms:play-services-base:17.0.0] AndroidManifest.xml:23:9-26:75
47            android:name="com.google.android.gms.common.api.GoogleApiActivity"
47-->[com.google.android.gms:play-services-base:17.0.0] AndroidManifest.xml:24:13-79
48            android:exported="false"
48-->[com.google.android.gms:play-services-base:17.0.0] AndroidManifest.xml:25:13-37
49            android:theme="@android:style/Theme.Translucent.NoTitleBar" />
49-->[com.google.android.gms:play-services-base:17.0.0] AndroidManifest.xml:26:13-72
50
51        <meta-data
51-->[com.google.android.gms:play-services-basement:17.0.0] AndroidManifest.xml:23:9-25:69
52            android:name="com.google.android.gms.version"
52-->[com.google.android.gms:play-services-basement:17.0.0] AndroidManifest.xml:24:13-58
53            android:value="@integer/google_play_services_version" />
53-->[com.google.android.gms:play-services-basement:17.0.0] AndroidManifest.xml:25:13-66
54    </application>
55
56</manifest>